{"total": {"lines":{"total":380,"covered":312,"skipped":0,"pct":82.1},"statements":{"total":405,"covered":326,"skipped":0,"pct":80.49},"functions":{"total":39,"covered":27,"skipped":0,"pct":69.23},"branches":{"total":131,"covered":79,"skipped":0,"pct":60.3},"branchesTrue":{"total":0,"covered":0,"skipped":0,"pct":100}}
,"/home/deathcamel57/Documents/dev/open-tamron-tap-in/src/state/deviceState.ts": {"lines":{"total":38,"covered":20,"skipped":0,"pct":52.63},"functions":{"total":19,"covered":7,"skipped":0,"pct":36.84},"statements":{"total":44,"covered":20,"skipped":0,"pct":45.45},"branches":{"total":14,"covered":8,"skipped":0,"pct":57.14}}
,"/home/deathcamel57/Documents/dev/open-tamron-tap-in/src/types/DecryptionFirmware.ts": {"lines":{"total":93,"covered":81,"skipped":0,"pct":87.09},"functions":{"total":9,"covered":9,"skipped":0,"pct":100},"statements":{"total":100,"covered":86,"skipped":0,"pct":86},"branches":{"total":26,"covered":14,"skipped":0,"pct":53.84}}
,"/home/deathcamel57/Documents/dev/open-tamron-tap-in/src/util/CommandBytes.ts": {"lines":{"total":12,"covered":12,"skipped":0,"pct":100},"functions":{"total":2,"covered":2,"skipped":0,"pct":100},"statements":{"total":14,"covered":13,"skipped":0,"pct":92.85},"branches":{"total":6,"covered":5,"skipped":0,"pct":83.33}}
,"/home/deathcamel57/Documents/dev/open-tamron-tap-in/src/util/byteCompare.ts": {"lines":{"total":6,"covered":6,"skipped":0,"pct":100},"functions":{"total":1,"covered":1,"skipped":0,"pct":100},"statements":{"total":7,"covered":7,"skipped":0,"pct":100},"branches":{"total":4,"covered":4,"skipped":0,"pct":100}}
,"/home/deathcamel57/Documents/dev/open-tamron-tap-in/src/util/crc16.ts": {"lines":{"total":12,"covered":12,"skipped":0,"pct":100},"functions":{"total":1,"covered":1,"skipped":0,"pct":100},"statements":{"total":13,"covered":13,"skipped":0,"pct":100},"branches":{"total":2,"covered":2,"skipped":0,"pct":100}}
,"/home/deathcamel57/Documents/dev/open-tamron-tap-in/src/util/focusByte.ts": {"lines":{"total":4,"covered":4,"skipped":0,"pct":100},"functions":{"total":2,"covered":2,"skipped":0,"pct":100},"statements":{"total":6,"covered":4,"skipped":0,"pct":66.66},"branches":{"total":10,"covered":8,"skipped":0,"pct":80}}
,"/home/deathcamel57/Documents/dev/open-tamron-tap-in/src/util/parsers/errorParser.ts": {"lines":{"total":16,"covered":10,"skipped":0,"pct":62.5},"functions":{"total":1,"covered":1,"skipped":0,"pct":100},"statements":{"total":16,"covered":10,"skipped":0,"pct":62.5},"branches":{"total":8,"covered":4,"skipped":0,"pct":50}}
,"/home/deathcamel57/Documents/dev/open-tamron-tap-in/src/util/parsers/getSettingsParser.ts": {"lines":{"total":29,"covered":23,"skipped":0,"pct":79.31},"functions":{"total":1,"covered":1,"skipped":0,"pct":100},"statements":{"total":30,"covered":24,"skipped":0,"pct":80},"branches":{"total":10,"covered":6,"skipped":0,"pct":60}}
,"/home/deathcamel57/Documents/dev/open-tamron-tap-in/src/util/parsers/getStatusParser.ts": {"lines":{"total":141,"covered":119,"skipped":0,"pct":84.39},"functions":{"total":1,"covered":1,"skipped":0,"pct":100},"statements":{"total":146,"covered":124,"skipped":0,"pct":84.93},"branches":{"total":31,"covered":15,"skipped":0,"pct":48.38}}
,"/home/deathcamel57/Documents/dev/open-tamron-tap-in/src/util/parsers/powerOffParser.ts": {"lines":{"total":14,"covered":11,"skipped":0,"pct":78.57},"functions":{"total":1,"covered":1,"skipped":0,"pct":100},"statements":{"total":14,"covered":11,"skipped":0,"pct":78.57},"branches":{"total":10,"covered":6,"skipped":0,"pct":60}}
,"/home/deathcamel57/Documents/dev/open-tamron-tap-in/src/util/parsers/powerOnParser.ts": {"lines":{"total":15,"covered":14,"skipped":0,"pct":93.33},"functions":{"total":1,"covered":1,"skipped":0,"pct":100},"statements":{"total":15,"covered":14,"skipped":0,"pct":93.33},"branches":{"total":10,"covered":7,"skipped":0,"pct":70}}
}
