{"/home/deathcamel57/Documents/dev/open-tamron-tap-in/src/state/deviceState.ts": {"path":"/home/deathcamel57/Documents/dev/open-tamron-tap-in/src/state/deviceState.ts","statementMap":{"0":{"start":{"line":8,"column":32},"end":{"line":8,"column":null}},"1":{"start":{"line":9,"column":38},"end":{"line":9,"column":null}},"2":{"start":{"line":10,"column":40},"end":{"line":10,"column":null}},"3":{"start":{"line":13,"column":28},"end":{"line":13,"column":null}},"4":{"start":{"line":14,"column":31},"end":{"line":14,"column":null}},"5":{"start":{"line":15,"column":32},"end":{"line":15,"column":null}},"6":{"start":{"line":19,"column":15},"end":{"line":19,"column":null}},"7":{"start":{"line":20,"column":2},"end":{"line":26,"column":null}},"8":{"start":{"line":30,"column":2},"end":{"line":30,"column":null}},"9":{"start":{"line":30,"column":40},"end":{"line":30,"column":null}},"10":{"start":{"line":33,"column":2},"end":{"line":33,"column":null}},"11":{"start":{"line":33,"column":43},"end":{"line":33,"column":null}},"12":{"start":{"line":36,"column":2},"end":{"line":36,"column":null}},"13":{"start":{"line":36,"column":44},"end":{"line":36,"column":null}},"14":{"start":{"line":41,"column":2},"end":{"line":41,"column":null}},"15":{"start":{"line":46,"column":16},"end":{"line":46,"column":null}},"16":{"start":{"line":47,"column":2},"end":{"line":47,"column":null}},"17":{"start":{"line":48,"column":2},"end":{"line":48,"column":null}},"18":{"start":{"line":49,"column":2},"end":{"line":49,"column":null}},"19":{"start":{"line":52,"column":2},"end":{"line":52,"column":null}},"20":{"start":{"line":53,"column":2},"end":{"line":53,"column":null}},"21":{"start":{"line":53,"column":15},"end":{"line":53,"column":null}},"22":{"start":{"line":56,"column":2},"end":{"line":56,"column":null}},"23":{"start":{"line":57,"column":2},"end":{"line":57,"column":null}},"24":{"start":{"line":62,"column":2},"end":{"line":62,"column":null}},"25":{"start":{"line":67,"column":16},"end":{"line":67,"column":null}},"26":{"start":{"line":68,"column":2},"end":{"line":68,"column":null}},"27":{"start":{"line":69,"column":2},"end":{"line":69,"column":null}},"28":{"start":{"line":70,"column":2},"end":{"line":70,"column":null}},"29":{"start":{"line":73,"column":2},"end":{"line":73,"column":null}},"30":{"start":{"line":74,"column":2},"end":{"line":74,"column":null}},"31":{"start":{"line":74,"column":15},"end":{"line":74,"column":null}},"32":{"start":{"line":77,"column":2},"end":{"line":77,"column":null}},"33":{"start":{"line":78,"column":2},"end":{"line":78,"column":null}},"34":{"start":{"line":83,"column":2},"end":{"line":83,"column":null}},"35":{"start":{"line":88,"column":16},"end":{"line":88,"column":null}},"36":{"start":{"line":89,"column":2},"end":{"line":89,"column":null}},"37":{"start":{"line":90,"column":2},"end":{"line":90,"column":null}},"38":{"start":{"line":91,"column":2},"end":{"line":91,"column":null}},"39":{"start":{"line":94,"column":2},"end":{"line":94,"column":null}},"40":{"start":{"line":95,"column":2},"end":{"line":95,"column":null}},"41":{"start":{"line":95,"column":15},"end":{"line":95,"column":null}},"42":{"start":{"line":98,"column":2},"end":{"line":98,"column":null}},"43":{"start":{"line":99,"column":2},"end":{"line":99,"column":null}}},"fnMap":{"0":{"name":"mergeLensInfo","decl":{"start":{"line":18,"column":9},"end":{"line":18,"column":23}},"loc":{"start":{"line":18,"column":86},"end":{"line":27,"column":null}},"line":18},"1":{"name":"emitLensInfo","decl":{"start":{"line":29,"column":9},"end":{"line":29,"column":24}},"loc":{"start":{"line":29,"column":24},"end":{"line":31,"column":null}},"line":29},"2":{"name":"emitAdapterInfo","decl":{"start":{"line":32,"column":9},"end":{"line":32,"column":27}},"loc":{"start":{"line":32,"column":27},"end":{"line":34,"column":null}},"line":32},"3":{"name":"emitLensSettings","decl":{"start":{"line":35,"column":9},"end":{"line":35,"column":28}},"loc":{"start":{"line":35,"column":28},"end":{"line":37,"column":null}},"line":35},"4":{"name":"getLensInfo","decl":{"start":{"line":40,"column":16},"end":{"line":40,"column":50}},"loc":{"start":{"line":40,"column":50},"end":{"line":42,"column":null}},"line":40},"5":{"name":"setLensInfo","decl":{"start":{"line":43,"column":16},"end":{"line":43,"column":null}},"loc":{"start":{"line":45,"column":22},"end":{"line":50,"column":null}},"line":45},"6":{"name":"subscribeLensInfo","decl":{"start":{"line":51,"column":16},"end":{"line":51,"column":34}},"loc":{"start":{"line":51,"column":77},"end":{"line":54,"column":null}},"line":51},"7":{"name":"(anonymous_7)","decl":{"start":{"line":53,"column":9},"end":{"line":53,"column":15}},"loc":{"start":{"line":53,"column":15},"end":{"line":53,"column":null}},"line":53},"8":{"name":"resetLensInfo","decl":{"start":{"line":55,"column":16},"end":{"line":55,"column":32}},"loc":{"start":{"line":55,"column":32},"end":{"line":58,"column":null}},"line":55},"9":{"name":"getAdapterInfo","decl":{"start":{"line":61,"column":16},"end":{"line":61,"column":56}},"loc":{"start":{"line":61,"column":56},"end":{"line":63,"column":null}},"line":61},"10":{"name":"setAdapterInfo","decl":{"start":{"line":64,"column":16},"end":{"line":64,"column":null}},"loc":{"start":{"line":66,"column":25},"end":{"line":71,"column":null}},"line":66},"11":{"name":"subscribeAdapterInfo","decl":{"start":{"line":72,"column":16},"end":{"line":72,"column":37}},"loc":{"start":{"line":72,"column":83},"end":{"line":75,"column":null}},"line":72},"12":{"name":"(anonymous_12)","decl":{"start":{"line":74,"column":9},"end":{"line":74,"column":15}},"loc":{"start":{"line":74,"column":15},"end":{"line":74,"column":null}},"line":74},"13":{"name":"resetAdapterInfo","decl":{"start":{"line":76,"column":16},"end":{"line":76,"column":35}},"loc":{"start":{"line":76,"column":35},"end":{"line":79,"column":null}},"line":76},"14":{"name":"getLensSettings","decl":{"start":{"line":82,"column":16},"end":{"line":82,"column":58}},"loc":{"start":{"line":82,"column":58},"end":{"line":84,"column":null}},"line":82},"15":{"name":"setLensSettings","decl":{"start":{"line":85,"column":16},"end":{"line":85,"column":null}},"loc":{"start":{"line":87,"column":26},"end":{"line":92,"column":null}},"line":87},"16":{"name":"subscribeLensSettings","decl":{"start":{"line":93,"column":16},"end":{"line":93,"column":38}},"loc":{"start":{"line":93,"column":85},"end":{"line":96,"column":null}},"line":93},"17":{"name":"(anonymous_17)","decl":{"start":{"line":95,"column":9},"end":{"line":95,"column":15}},"loc":{"start":{"line":95,"column":15},"end":{"line":95,"column":null}},"line":95},"18":{"name":"resetLensSettings","decl":{"start":{"line":97,"column":16},"end":{"line":97,"column":36}},"loc":{"start":{"line":97,"column":36},"end":{"line":100,"column":null}},"line":97}},"branchMap":{"0":{"loc":{"start":{"line":24,"column":13},"end":{"line":24,"column":null}},"type":"cond-expr","locations":[{"start":{"line":24,"column":28},"end":{"line":24,"column":75}},{"start":{"line":24,"column":75},"end":{"line":24,"column":null}}],"line":24},"1":{"loc":{"start":{"line":24,"column":34},"end":{"line":24,"column":55}},"type":"binary-expr","locations":[{"start":{"line":24,"column":34},"end":{"line":24,"column":50}},{"start":{"line":24,"column":50},"end":{"line":24,"column":55}}],"line":24},"2":{"loc":{"start":{"line":25,"column":11},"end":{"line":25,"column":null}},"type":"cond-expr","locations":[{"start":{"line":25,"column":24},"end":{"line":25,"column":67}},{"start":{"line":25,"column":67},"end":{"line":25,"column":null}}],"line":25},"3":{"loc":{"start":{"line":25,"column":30},"end":{"line":25,"column":49}},"type":"binary-expr","locations":[{"start":{"line":25,"column":30},"end":{"line":25,"column":44}},{"start":{"line":25,"column":44},"end":{"line":25,"column":49}}],"line":25},"4":{"loc":{"start":{"line":46,"column":16},"end":{"line":46,"column":null}},"type":"cond-expr","locations":[{"start":{"line":46,"column":47},"end":{"line":46,"column":73}},{"start":{"line":46,"column":73},"end":{"line":46,"column":null}}],"line":46},"5":{"loc":{"start":{"line":67,"column":16},"end":{"line":67,"column":null}},"type":"cond-expr","locations":[{"start":{"line":67,"column":47},"end":{"line":67,"column":76}},{"start":{"line":67,"column":76},"end":{"line":67,"column":null}}],"line":67},"6":{"loc":{"start":{"line":88,"column":16},"end":{"line":88,"column":null}},"type":"cond-expr","locations":[{"start":{"line":88,"column":47},"end":{"line":88,"column":77}},{"start":{"line":88,"column":77},"end":{"line":88,"column":null}}],"line":88}},"s":{"0":2,"1":2,"2":2,"3":2,"4":2,"5":2,"6":1,"7":1,"8":1,"9":0,"10":1,"11":0,"12":0,"13":0,"14":1,"15":1,"16":1,"17":1,"18":1,"19":0,"20":0,"21":0,"22":0,"23":0,"24":1,"25":1,"26":1,"27":1,"28":1,"29":0,"30":0,"31":0,"32":0,"33":0,"34":0,"35":0,"36":0,"37":0,"38":0,"39":0,"40":0,"41":0,"42":0,"43":0},"f":{"0":1,"1":1,"2":1,"3":0,"4":1,"5":1,"6":0,"7":0,"8":0,"9":1,"10":1,"11":0,"12":0,"13":0,"14":0,"15":0,"16":0,"17":0,"18":0},"b":{"0":[1,0],"1":[1,1],"2":[1,0],"3":[1,1],"4":[0,1],"5":[0,1],"6":[0,0]},"meta":{"lastBranch":7,"lastFunction":19,"lastStatement":44,"seen":{"s:8:32:8:Infinity":0,"s:9:38:9:Infinity":1,"s:10:40:10:Infinity":2,"s:13:28:13:Infinity":3,"s:14:31:14:Infinity":4,"s:15:32:15:Infinity":5,"f:18:9:18:23":0,"s:19:15:19:Infinity":6,"s:20:2:26:Infinity":7,"b:24:28:24:75:24:75:24:Infinity":0,"b:24:34:24:50:24:50:24:55":1,"b:25:24:25:67:25:67:25:Infinity":2,"b:25:30:25:44:25:44:25:49":3,"f:29:9:29:24":1,"s:30:2:30:Infinity":8,"s:30:40:30:Infinity":9,"f:32:9:32:27":2,"s:33:2:33:Infinity":10,"s:33:43:33:Infinity":11,"f:35:9:35:28":3,"s:36:2:36:Infinity":12,"s:36:44:36:Infinity":13,"f:40:16:40:50":4,"s:41:2:41:Infinity":14,"f:43:16:43:Infinity":5,"s:46:16:46:Infinity":15,"b:46:47:46:73:46:73:46:Infinity":4,"s:47:2:47:Infinity":16,"s:48:2:48:Infinity":17,"s:49:2:49:Infinity":18,"f:51:16:51:34":6,"s:52:2:52:Infinity":19,"s:53:2:53:Infinity":20,"f:53:9:53:15":7,"s:53:15:53:Infinity":21,"f:55:16:55:32":8,"s:56:2:56:Infinity":22,"s:57:2:57:Infinity":23,"f:61:16:61:56":9,"s:62:2:62:Infinity":24,"f:64:16:64:Infinity":10,"s:67:16:67:Infinity":25,"b:67:47:67:76:67:76:67:Infinity":5,"s:68:2:68:Infinity":26,"s:69:2:69:Infinity":27,"s:70:2:70:Infinity":28,"f:72:16:72:37":11,"s:73:2:73:Infinity":29,"s:74:2:74:Infinity":30,"f:74:9:74:15":12,"s:74:15:74:Infinity":31,"f:76:16:76:35":13,"s:77:2:77:Infinity":32,"s:78:2:78:Infinity":33,"f:82:16:82:58":14,"s:83:2:83:Infinity":34,"f:85:16:85:Infinity":15,"s:88:16:88:Infinity":35,"b:88:47:88:77:88:77:88:Infinity":6,"s:89:2:89:Infinity":36,"s:90:2:90:Infinity":37,"s:91:2:91:Infinity":38,"f:93:16:93:38":16,"s:94:2:94:Infinity":39,"s:95:2:95:Infinity":40,"f:95:9:95:15":17,"s:95:15:95:Infinity":41,"f:97:16:97:36":18,"s:98:2:98:Infinity":42,"s:99:2:99:Infinity":43}}}
,"/home/deathcamel57/Documents/dev/open-tamron-tap-in/src/types/DecryptionFirmware.ts": {"path":"/home/deathcamel57/Documents/dev/open-tamron-tap-in/src/types/DecryptionFirmware.ts","statementMap":{"0":{"start":{"line":1,"column":17},"end":{"line":28,"column":null}},"1":{"start":{"line":37,"column":47},"end":{"line":37,"column":null}},"2":{"start":{"line":38,"column":51},"end":{"line":38,"column":null}},"3":{"start":{"line":39,"column":50},"end":{"line":39,"column":null}},"4":{"start":{"line":40,"column":43},"end":{"line":40,"column":null}},"5":{"start":{"line":41,"column":51},"end":{"line":41,"column":null}},"6":{"start":{"line":43,"column":51},"end":{"line":43,"column":null}},"7":{"start":{"line":45,"column":29},"end":{"line":45,"column":null}},"8":{"start":{"line":50,"column":27},"end":{"line":50,"column":null}},"9":{"start":{"line":51,"column":4},"end":{"line":51,"column":null}},"10":{"start":{"line":56,"column":4},"end":{"line":58,"column":null}},"11":{"start":{"line":57,"column":6},"end":{"line":57,"column":null}},"12":{"start":{"line":60,"column":4},"end":{"line":60,"column":null}},"13":{"start":{"line":63,"column":36},"end":{"line":63,"column":null}},"14":{"start":{"line":66,"column":39},"end":{"line":66,"column":null}},"15":{"start":{"line":67,"column":19},"end":{"line":67,"column":null}},"16":{"start":{"line":69,"column":4},"end":{"line":129,"column":null}},"17":{"start":{"line":71,"column":6},"end":{"line":76,"column":null}},"18":{"start":{"line":72,"column":8},"end":{"line":74,"column":null}},"19":{"start":{"line":73,"column":10},"end":{"line":73,"column":null}},"20":{"start":{"line":75,"column":8},"end":{"line":75,"column":null}},"21":{"start":{"line":78,"column":25},"end":{"line":78,"column":null}},"22":{"start":{"line":79,"column":30},"end":{"line":79,"column":null}},"23":{"start":{"line":82,"column":6},"end":{"line":82,"column":null}},"24":{"start":{"line":85,"column":12},"end":{"line":89,"column":null}},"25":{"start":{"line":91,"column":6},"end":{"line":93,"column":null}},"26":{"start":{"line":92,"column":8},"end":{"line":92,"column":null}},"27":{"start":{"line":96,"column":24},"end":{"line":99,"column":null}},"28":{"start":{"line":101,"column":6},"end":{"line":101,"column":null}},"29":{"start":{"line":104,"column":6},"end":{"line":106,"column":null}},"30":{"start":{"line":105,"column":8},"end":{"line":105,"column":null}},"31":{"start":{"line":108,"column":28},"end":{"line":108,"column":null}},"32":{"start":{"line":109,"column":28},"end":{"line":109,"column":null}},"33":{"start":{"line":112,"column":6},"end":{"line":112,"column":null}},"34":{"start":{"line":115,"column":28},"end":{"line":115,"column":null}},"35":{"start":{"line":116,"column":6},"end":{"line":118,"column":null}},"36":{"start":{"line":117,"column":8},"end":{"line":117,"column":null}},"37":{"start":{"line":121,"column":6},"end":{"line":126,"column":null}},"38":{"start":{"line":122,"column":8},"end":{"line":122,"column":null}},"39":{"start":{"line":123,"column":8},"end":{"line":123,"column":null}},"40":{"start":{"line":125,"column":8},"end":{"line":125,"column":null}},"41":{"start":{"line":128,"column":6},"end":{"line":128,"column":null}},"42":{"start":{"line":132,"column":4},"end":{"line":144,"column":null}},"43":{"start":{"line":133,"column":24},"end":{"line":133,"column":null}},"44":{"start":{"line":134,"column":6},"end":{"line":134,"column":null}},"45":{"start":{"line":134,"column":40},"end":{"line":134,"column":null}},"46":{"start":{"line":135,"column":21},"end":{"line":135,"column":null}},"47":{"start":{"line":136,"column":19},"end":{"line":136,"column":null}},"48":{"start":{"line":137,"column":6},"end":{"line":140,"column":null}},"49":{"start":{"line":138,"column":8},"end":{"line":138,"column":null}},"50":{"start":{"line":139,"column":8},"end":{"line":139,"column":null}},"51":{"start":{"line":141,"column":6},"end":{"line":141,"column":null}},"52":{"start":{"line":143,"column":6},"end":{"line":143,"column":null}},"53":{"start":{"line":149,"column":4},"end":{"line":151,"column":null}},"54":{"start":{"line":150,"column":6},"end":{"line":150,"column":null}},"55":{"start":{"line":154,"column":21},"end":{"line":154,"column":null}},"56":{"start":{"line":155,"column":4},"end":{"line":158,"column":null}},"57":{"start":{"line":155,"column":17},"end":{"line":155,"column":20}},"58":{"start":{"line":156,"column":22},"end":{"line":156,"column":null}},"59":{"start":{"line":157,"column":6},"end":{"line":157,"column":null}},"60":{"start":{"line":161,"column":4},"end":{"line":161,"column":null}},"61":{"start":{"line":162,"column":4},"end":{"line":162,"column":null}},"62":{"start":{"line":164,"column":4},"end":{"line":164,"column":null}},"63":{"start":{"line":168,"column":22},"end":{"line":168,"column":null}},"64":{"start":{"line":169,"column":29},"end":{"line":169,"column":null}},"65":{"start":{"line":171,"column":16},"end":{"line":171,"column":null}},"66":{"start":{"line":172,"column":19},"end":{"line":172,"column":null}},"67":{"start":{"line":174,"column":28},"end":{"line":174,"column":null}},"68":{"start":{"line":176,"column":4},"end":{"line":178,"column":null}},"69":{"start":{"line":176,"column":21},"end":{"line":176,"column":24}},"70":{"start":{"line":177,"column":6},"end":{"line":177,"column":null}},"71":{"start":{"line":180,"column":4},"end":{"line":185,"column":null}},"72":{"start":{"line":181,"column":6},"end":{"line":184,"column":null}},"73":{"start":{"line":187,"column":4},"end":{"line":187,"column":null}},"74":{"start":{"line":191,"column":20},"end":{"line":191,"column":null}},"75":{"start":{"line":192,"column":4},"end":{"line":195,"column":null}},"76":{"start":{"line":192,"column":17},"end":{"line":192,"column":20}},"77":{"start":{"line":193,"column":6},"end":{"line":193,"column":null}},"78":{"start":{"line":194,"column":6},"end":{"line":194,"column":null}},"79":{"start":{"line":196,"column":4},"end":{"line":196,"column":null}},"80":{"start":{"line":200,"column":4},"end":{"line":200,"column":null}},"81":{"start":{"line":201,"column":4},"end":{"line":201,"column":null}},"82":{"start":{"line":205,"column":20},"end":{"line":205,"column":null}},"83":{"start":{"line":206,"column":21},"end":{"line":206,"column":null}},"84":{"start":{"line":207,"column":14},"end":{"line":207,"column":null}},"85":{"start":{"line":209,"column":4},"end":{"line":222,"column":null}},"86":{"start":{"line":211,"column":19},"end":{"line":211,"column":null}},"87":{"start":{"line":215,"column":12},"end":{"line":215,"column":null}},"88":{"start":{"line":221,"column":6},"end":{"line":221,"column":null}},"89":{"start":{"line":225,"column":4},"end":{"line":228,"column":null}},"90":{"start":{"line":232,"column":4},"end":{"line":232,"column":null}},"91":{"start":{"line":232,"column":31},"end":{"line":232,"column":null}},"92":{"start":{"line":233,"column":4},"end":{"line":235,"column":null}},"93":{"start":{"line":233,"column":17},"end":{"line":233,"column":20}},"94":{"start":{"line":234,"column":6},"end":{"line":234,"column":null}},"95":{"start":{"line":234,"column":25},"end":{"line":234,"column":null}},"96":{"start":{"line":236,"column":4},"end":{"line":236,"column":null}},"97":{"start":{"line":240,"column":4},"end":{"line":243,"column":null}},"98":{"start":{"line":241,"column":25},"end":{"line":241,"column":null}},"99":{"start":{"line":242,"column":6},"end":{"line":242,"column":null}}},"fnMap":{"0":{"name":"(anonymous_0)","decl":{"start":{"line":49,"column":2},"end":{"line":49,"column":16}},"loc":{"start":{"line":49,"column":16},"end":{"line":52,"column":null}},"line":49},"1":{"name":"(anonymous_1)","decl":{"start":{"line":54,"column":9},"end":{"line":54,"column":30}},"loc":{"start":{"line":54,"column":94},"end":{"line":145,"column":null}},"line":54},"2":{"name":"(anonymous_2)","decl":{"start":{"line":147,"column":10},"end":{"line":147,"column":30}},"loc":{"start":{"line":147,"column":65},"end":{"line":165,"column":null}},"line":147},"3":{"name":"(anonymous_3)","decl":{"start":{"line":167,"column":10},"end":{"line":167,"column":20}},"loc":{"start":{"line":167,"column":52},"end":{"line":188,"column":null}},"line":167},"4":{"name":"(anonymous_4)","decl":{"start":{"line":190,"column":10},"end":{"line":190,"column":22}},"loc":{"start":{"line":190,"column":54},"end":{"line":197,"column":null}},"line":190},"5":{"name":"(anonymous_5)","decl":{"start":{"line":199,"column":10},"end":{"line":199,"column":24}},"loc":{"start":{"line":199,"column":47},"end":{"line":202,"column":null}},"line":199},"6":{"name":"(anonymous_6)","decl":{"start":{"line":204,"column":10},"end":{"line":204,"column":23}},"loc":{"start":{"line":204,"column":53},"end":{"line":229,"column":null}},"line":204},"7":{"name":"(anonymous_7)","decl":{"start":{"line":231,"column":10},"end":{"line":231,"column":22}},"loc":{"start":{"line":231,"column":61},"end":{"line":237,"column":null}},"line":231},"8":{"name":"(anonymous_8)","decl":{"start":{"line":239,"column":10},"end":{"line":239,"column":25}},"loc":{"start":{"line":239,"column":63},"end":{"line":244,"column":null}},"line":239}},"branchMap":{"0":{"loc":{"start":{"line":56,"column":4},"end":{"line":58,"column":null}},"type":"if","locations":[{"start":{"line":56,"column":4},"end":{"line":58,"column":null}},{"start":{},"end":{}}],"line":56},"1":{"loc":{"start":{"line":56,"column":8},"end":{"line":56,"column":67}},"type":"binary-expr","locations":[{"start":{"line":56,"column":8},"end":{"line":56,"column":23}},{"start":{"line":56,"column":23},"end":{"line":56,"column":67}}],"line":56},"2":{"loc":{"start":{"line":71,"column":6},"end":{"line":76,"column":null}},"type":"if","locations":[{"start":{"line":71,"column":6},"end":{"line":76,"column":null}},{"start":{},"end":{}}],"line":71},"3":{"loc":{"start":{"line":72,"column":8},"end":{"line":74,"column":null}},"type":"if","locations":[{"start":{"line":72,"column":8},"end":{"line":74,"column":null}},{"start":{},"end":{}}],"line":72},"4":{"loc":{"start":{"line":91,"column":6},"end":{"line":93,"column":null}},"type":"if","locations":[{"start":{"line":91,"column":6},"end":{"line":93,"column":null}},{"start":{},"end":{}}],"line":91},"5":{"loc":{"start":{"line":104,"column":6},"end":{"line":106,"column":null}},"type":"if","locations":[{"start":{"line":104,"column":6},"end":{"line":106,"column":null}},{"start":{},"end":{}}],"line":104},"6":{"loc":{"start":{"line":116,"column":6},"end":{"line":118,"column":null}},"type":"if","locations":[{"start":{"line":116,"column":6},"end":{"line":118,"column":null}},{"start":{},"end":{}}],"line":116},"7":{"loc":{"start":{"line":149,"column":4},"end":{"line":151,"column":null}},"type":"if","locations":[{"start":{"line":149,"column":4},"end":{"line":151,"column":null}},{"start":{},"end":{}}],"line":149},"8":{"loc":{"start":{"line":149,"column":8},"end":{"line":149,"column":84}},"type":"binary-expr","locations":[{"start":{"line":149,"column":8},"end":{"line":149,"column":43}},{"start":{"line":149,"column":43},"end":{"line":149,"column":84}}],"line":149},"9":{"loc":{"start":{"line":180,"column":4},"end":{"line":185,"column":null}},"type":"if","locations":[{"start":{"line":180,"column":4},"end":{"line":185,"column":null}},{"start":{},"end":{}}],"line":180},"10":{"loc":{"start":{"line":232,"column":4},"end":{"line":232,"column":null}},"type":"if","locations":[{"start":{"line":232,"column":4},"end":{"line":232,"column":null}},{"start":{},"end":{}}],"line":232},"11":{"loc":{"start":{"line":234,"column":6},"end":{"line":234,"column":null}},"type":"if","locations":[{"start":{"line":234,"column":6},"end":{"line":234,"column":null}},{"start":{},"end":{}}],"line":234},"12":{"loc":{"start":{"line":240,"column":4},"end":{"line":243,"column":null}},"type":"if","locations":[{"start":{"line":240,"column":4},"end":{"line":243,"column":null}},{"start":{},"end":{}}],"line":240}},"s":{"0":1,"1":1,"2":1,"3":1,"4":1,"5":1,"6":1,"7":1,"8":1,"9":1,"10":1,"11":0,"12":1,"13":1,"14":1,"15":1,"16":1,"17":1,"18":0,"19":0,"20":0,"21":1,"22":1,"23":1,"24":1,"25":1,"26":0,"27":1,"28":1,"29":1,"30":0,"31":1,"32":1,"33":1,"34":1,"35":1,"36":0,"37":1,"38":1,"39":1,"40":0,"41":1,"42":1,"43":1,"44":1,"45":2,"46":1,"47":1,"48":1,"49":2,"50":2,"51":1,"52":0,"53":1,"54":0,"55":1,"56":1,"57":1,"58":32,"59":32,"60":1,"61":1,"62":1,"63":1,"64":1,"65":1,"66":1,"67":1,"68":1,"69":1,"70":1,"71":1,"72":1,"73":1,"74":3,"75":3,"76":3,"77":230432,"78":230432,"79":3,"80":2,"81":2,"82":1,"83":1,"84":1,"85":1,"86":229376,"87":229376,"88":229376,"89":1,"90":1,"91":0,"92":1,"93":1,"94":2,"95":0,"96":1,"97":2,"98":0,"99":0},"f":{"0":1,"1":1,"2":1,"3":1,"4":3,"5":2,"6":1,"7":1,"8":2},"b":{"0":[0,1],"1":[1,1],"2":[0,1],"3":[0,0],"4":[0,1],"5":[0,1],"6":[0,1],"7":[0,1],"8":[1,1],"9":[1,0],"10":[0,1],"11":[0,2],"12":[0,2]},"meta":{"lastBranch":13,"lastFunction":9,"lastStatement":100,"seen":{"s:1:17:28:Infinity":0,"s:37:47:37:Infinity":1,"s:38:51:38:Infinity":2,"s:39:50:39:Infinity":3,"s:40:43:40:Infinity":4,"s:41:51:41:Infinity":5,"s:43:51:43:Infinity":6,"s:45:29:45:Infinity":7,"f:49:2:49:16":0,"s:50:27:50:Infinity":8,"s:51:4:51:Infinity":9,"f:54:9:54:30":1,"b:56:4:58:Infinity:undefined:undefined:undefined:undefined":0,"s:56:4:58:Infinity":10,"b:56:8:56:23:56:23:56:67":1,"s:57:6:57:Infinity":11,"s:60:4:60:Infinity":12,"s:63:36:63:Infinity":13,"s:66:39:66:Infinity":14,"s:67:19:67:Infinity":15,"s:69:4:129:Infinity":16,"b:71:6:76:Infinity:undefined:undefined:undefined:undefined":2,"s:71:6:76:Infinity":17,"b:72:8:74:Infinity:undefined:undefined:undefined:undefined":3,"s:72:8:74:Infinity":18,"s:73:10:73:Infinity":19,"s:75:8:75:Infinity":20,"s:78:25:78:Infinity":21,"s:79:30:79:Infinity":22,"s:82:6:82:Infinity":23,"s:85:12:89:Infinity":24,"b:91:6:93:Infinity:undefined:undefined:undefined:undefined":4,"s:91:6:93:Infinity":25,"s:92:8:92:Infinity":26,"s:96:24:99:Infinity":27,"s:101:6:101:Infinity":28,"b:104:6:106:Infinity:undefined:undefined:undefined:undefined":5,"s:104:6:106:Infinity":29,"s:105:8:105:Infinity":30,"s:108:28:108:Infinity":31,"s:109:28:109:Infinity":32,"s:112:6:112:Infinity":33,"s:115:28:115:Infinity":34,"b:116:6:118:Infinity:undefined:undefined:undefined:undefined":6,"s:116:6:118:Infinity":35,"s:117:8:117:Infinity":36,"s:121:6:126:Infinity":37,"s:122:8:122:Infinity":38,"s:123:8:123:Infinity":39,"s:125:8:125:Infinity":40,"s:128:6:128:Infinity":41,"s:132:4:144:Infinity":42,"s:133:24:133:Infinity":43,"s:134:6:134:Infinity":44,"s:134:40:134:Infinity":45,"s:135:21:135:Infinity":46,"s:136:19:136:Infinity":47,"s:137:6:140:Infinity":48,"s:138:8:138:Infinity":49,"s:139:8:139:Infinity":50,"s:141:6:141:Infinity":51,"s:143:6:143:Infinity":52,"f:147:10:147:30":2,"b:149:4:151:Infinity:undefined:undefined:undefined:undefined":7,"s:149:4:151:Infinity":53,"b:149:8:149:43:149:43:149:84":8,"s:150:6:150:Infinity":54,"s:154:21:154:Infinity":55,"s:155:4:158:Infinity":56,"s:155:17:155:20":57,"s:156:22:156:Infinity":58,"s:157:6:157:Infinity":59,"s:161:4:161:Infinity":60,"s:162:4:162:Infinity":61,"s:164:4:164:Infinity":62,"f:167:10:167:20":3,"s:168:22:168:Infinity":63,"s:169:29:169:Infinity":64,"s:171:16:171:Infinity":65,"s:172:19:172:Infinity":66,"s:174:28:174:Infinity":67,"s:176:4:178:Infinity":68,"s:176:21:176:24":69,"s:177:6:177:Infinity":70,"b:180:4:185:Infinity:undefined:undefined:undefined:undefined":9,"s:180:4:185:Infinity":71,"s:181:6:184:Infinity":72,"s:187:4:187:Infinity":73,"f:190:10:190:22":4,"s:191:20:191:Infinity":74,"s:192:4:195:Infinity":75,"s:192:17:192:20":76,"s:193:6:193:Infinity":77,"s:194:6:194:Infinity":78,"s:196:4:196:Infinity":79,"f:199:10:199:24":5,"s:200:4:200:Infinity":80,"s:201:4:201:Infinity":81,"f:204:10:204:23":6,"s:205:20:205:Infinity":82,"s:206:21:206:Infinity":83,"s:207:14:207:Infinity":84,"s:209:4:222:Infinity":85,"s:211:19:211:Infinity":86,"s:215:12:215:Infinity":87,"s:221:6:221:Infinity":88,"s:225:4:228:Infinity":89,"f:231:10:231:22":7,"b:232:4:232:Infinity:undefined:undefined:undefined:undefined":10,"s:232:4:232:Infinity":90,"s:232:31:232:Infinity":91,"s:233:4:235:Infinity":92,"s:233:17:233:20":93,"b:234:6:234:Infinity:undefined:undefined:undefined:undefined":11,"s:234:6:234:Infinity":94,"s:234:25:234:Infinity":95,"s:236:4:236:Infinity":96,"f:239:10:239:25":8,"b:240:4:243:Infinity:undefined:undefined:undefined:undefined":12,"s:240:4:243:Infinity":97,"s:241:25:241:Infinity":98,"s:242:6:242:Infinity":99}}}
,"/home/deathcamel57/Documents/dev/open-tamron-tap-in/src/util/CommandBytes.ts": {"path":"/home/deathcamel57/Documents/dev/open-tamron-tap-in/src/util/CommandBytes.ts","statementMap":{"0":{"start":{"line":1,"column":35},"end":{"line":10,"column":null}},"1":{"start":{"line":12,"column":7},"end":{"line":12,"column":null}},"2":{"start":{"line":13,"column":2},"end":{"line":13,"column":21}},"3":{"start":{"line":14,"column":2},"end":{"line":14,"column":13}},"4":{"start":{"line":15,"column":2},"end":{"line":15,"column":14}},"5":{"start":{"line":16,"column":2},"end":{"line":16,"column":15}},"6":{"start":{"line":17,"column":2},"end":{"line":17,"column":16}},"7":{"start":{"line":18,"column":2},"end":{"line":18,"column":17}},"8":{"start":{"line":19,"column":2},"end":{"line":19,"column":20}},"9":{"start":{"line":20,"column":2},"end":{"line":20,"column":10}},"10":{"start":{"line":12,"column":18},"end":{"line":12,"column":null}},"11":{"start":{"line":24,"column":2},"end":{"line":24,"column":null}},"12":{"start":{"line":24,"column":40},"end":{"line":24,"column":null}},"13":{"start":{"line":25,"column":2},"end":{"line":25,"column":null}}},"fnMap":{"0":{"name":"(anonymous_0)","decl":{"start":{"line":12,"column":7},"end":{"line":12,"column":18}},"loc":{"start":{"line":12,"column":7},"end":{"line":12,"column":null}},"line":12},"1":{"name":"opcodeFromPayload","decl":{"start":{"line":23,"column":16},"end":{"line":23,"column":34}},"loc":{"start":{"line":23,"column":70},"end":{"line":26,"column":null}},"line":23}},"branchMap":{"0":{"loc":{"start":{"line":12,"column":18},"end":{"line":12,"column":null}},"type":"binary-expr","locations":[{"start":{"line":12,"column":18},"end":{"line":12,"column":null}},{"start":{"line":12,"column":18},"end":{"line":12,"column":null}}],"line":12},"1":{"loc":{"start":{"line":24,"column":2},"end":{"line":24,"column":null}},"type":"if","locations":[{"start":{"line":24,"column":2},"end":{"line":24,"column":null}},{"start":{},"end":{}}],"line":24},"2":{"loc":{"start":{"line":24,"column":6},"end":{"line":24,"column":40}},"type":"binary-expr","locations":[{"start":{"line":24,"column":6},"end":{"line":24,"column":18}},{"start":{"line":24,"column":18},"end":{"line":24,"column":40}}],"line":24}},"s":{"0":5,"1":5,"2":5,"3":5,"4":5,"5":5,"6":5,"7":5,"8":5,"9":5,"10":5,"11":9,"12":0,"13":9},"f":{"0":5,"1":9},"b":{"0":[5,5],"1":[0,9],"2":[9,9]},"meta":{"lastBranch":3,"lastFunction":2,"lastStatement":14,"seen":{"s:1:35:10:Infinity":0,"s:12:7:12:Infinity":1,"f:12:7:12:18":0,"s:13:2:13:21":2,"s:14:2:14:13":3,"s:15:2:15:14":4,"s:16:2:16:15":5,"s:17:2:17:16":6,"s:18:2:18:17":7,"s:19:2:19:20":8,"s:20:2:20:10":9,"s:12:18:12:Infinity":10,"b:12:18:12:Infinity:12:18:12:Infinity":0,"f:23:16:23:34":1,"b:24:2:24:Infinity:undefined:undefined:undefined:undefined":1,"s:24:2:24:Infinity":11,"b:24:6:24:18:24:18:24:40":2,"s:24:40:24:Infinity":12,"s:25:2:25:Infinity":13}}}
,"/home/deathcamel57/Documents/dev/open-tamron-tap-in/src/util/byteCompare.ts": {"path":"/home/deathcamel57/Documents/dev/open-tamron-tap-in/src/util/byteCompare.ts","statementMap":{"0":{"start":{"line":2,"column":2},"end":{"line":4,"column":null}},"1":{"start":{"line":3,"column":4},"end":{"line":3,"column":null}},"2":{"start":{"line":6,"column":2},"end":{"line":10,"column":null}},"3":{"start":{"line":6,"column":15},"end":{"line":6,"column":18}},"4":{"start":{"line":7,"column":4},"end":{"line":9,"column":null}},"5":{"start":{"line":8,"column":6},"end":{"line":8,"column":null}},"6":{"start":{"line":12,"column":2},"end":{"line":12,"column":null}}},"fnMap":{"0":{"name":"bytesEqual","decl":{"start":{"line":1,"column":16},"end":{"line":1,"column":27}},"loc":{"start":{"line":1,"column":67},"end":{"line":13,"column":null}},"line":1}},"branchMap":{"0":{"loc":{"start":{"line":2,"column":2},"end":{"line":4,"column":null}},"type":"if","locations":[{"start":{"line":2,"column":2},"end":{"line":4,"column":null}},{"start":{},"end":{}}],"line":2},"1":{"loc":{"start":{"line":7,"column":4},"end":{"line":9,"column":null}},"type":"if","locations":[{"start":{"line":7,"column":4},"end":{"line":9,"column":null}},{"start":{},"end":{}}],"line":7}},"s":{"0":5,"1":1,"2":4,"3":4,"4":7,"5":2,"6":2},"f":{"0":5},"b":{"0":[1,4],"1":[2,5]},"meta":{"lastBranch":2,"lastFunction":1,"lastStatement":7,"seen":{"f:1:16:1:27":0,"b:2:2:4:Infinity:undefined:undefined:undefined:undefined":0,"s:2:2:4:Infinity":0,"s:3:4:3:Infinity":1,"s:6:2:10:Infinity":2,"s:6:15:6:18":3,"b:7:4:9:Infinity:undefined:undefined:undefined:undefined":1,"s:7:4:9:Infinity":4,"s:8:6:8:Infinity":5,"s:12:2:12:Infinity":6}}}
,"/home/deathcamel57/Documents/dev/open-tamron-tap-in/src/util/crc16.ts": {"path":"/home/deathcamel57/Documents/dev/open-tamron-tap-in/src/util/crc16.ts","statementMap":{"0":{"start":{"line":3,"column":12},"end":{"line":3,"column":null}},"1":{"start":{"line":4,"column":15},"end":{"line":4,"column":null}},"2":{"start":{"line":6,"column":2},"end":{"line":21,"column":null}},"3":{"start":{"line":8,"column":4},"end":{"line":8,"column":null}},"4":{"start":{"line":11,"column":4},"end":{"line":20,"column":null}},"5":{"start":{"line":11,"column":17},"end":{"line":11,"column":20}},"6":{"start":{"line":13,"column":6},"end":{"line":19,"column":null}},"7":{"start":{"line":15,"column":8},"end":{"line":15,"column":null}},"8":{"start":{"line":18,"column":8},"end":{"line":18,"column":null}},"9":{"start":{"line":24,"column":17},"end":{"line":24,"column":null}},"10":{"start":{"line":25,"column":2},"end":{"line":25,"column":null}},"11":{"start":{"line":26,"column":2},"end":{"line":26,"column":null}},"12":{"start":{"line":27,"column":2},"end":{"line":27,"column":null}}},"fnMap":{"0":{"name":"calcCRC16","decl":{"start":{"line":1,"column":24},"end":{"line":1,"column":34}},"loc":{"start":{"line":1,"column":64},"end":{"line":28,"column":null}},"line":1}},"branchMap":{"0":{"loc":{"start":{"line":13,"column":6},"end":{"line":19,"column":null}},"type":"if","locations":[{"start":{"line":13,"column":6},"end":{"line":19,"column":null}},{"start":{"line":16,"column":13},"end":{"line":19,"column":null}}],"line":13}},"s":{"0":12,"1":12,"2":12,"3":292,"4":292,"5":292,"6":2336,"7":1238,"8":1098,"9":12,"10":12,"11":12,"12":12},"f":{"0":12},"b":{"0":[1238,1098]},"meta":{"lastBranch":1,"lastFunction":1,"lastStatement":13,"seen":{"f:1:24:1:34":0,"s:3:12:3:Infinity":0,"s:4:15:4:Infinity":1,"s:6:2:21:Infinity":2,"s:8:4:8:Infinity":3,"s:11:4:20:Infinity":4,"s:11:17:11:20":5,"b:13:6:19:Infinity:16:13:19:Infinity":0,"s:13:6:19:Infinity":6,"s:15:8:15:Infinity":7,"s:18:8:18:Infinity":8,"s:24:17:24:Infinity":9,"s:25:2:25:Infinity":10,"s:26:2:26:Infinity":11,"s:27:2:27:Infinity":12}}}
,"/home/deathcamel57/Documents/dev/open-tamron-tap-in/src/util/focusByte.ts": {"path":"/home/deathcamel57/Documents/dev/open-tamron-tap-in/src/util/focusByte.ts","statementMap":{"0":{"start":{"line":3,"column":2},"end":{"line":3,"column":null}},"1":{"start":{"line":3,"column":31},"end":{"line":3,"column":null}},"2":{"start":{"line":4,"column":2},"end":{"line":4,"column":null}},"3":{"start":{"line":9,"column":2},"end":{"line":9,"column":null}},"4":{"start":{"line":9,"column":35},"end":{"line":9,"column":null}},"5":{"start":{"line":10,"column":2},"end":{"line":10,"column":null}}},"fnMap":{"0":{"name":"focusByteToNumber","decl":{"start":{"line":2,"column":16},"end":{"line":2,"column":34}},"loc":{"start":{"line":2,"column":56},"end":{"line":5,"column":null}},"line":2},"1":{"name":"focusNumberToByte","decl":{"start":{"line":8,"column":16},"end":{"line":8,"column":34}},"loc":{"start":{"line":8,"column":57},"end":{"line":11,"column":null}},"line":8}},"branchMap":{"0":{"loc":{"start":{"line":3,"column":2},"end":{"line":3,"column":null}},"type":"if","locations":[{"start":{"line":3,"column":2},"end":{"line":3,"column":null}},{"start":{},"end":{}}],"line":3},"1":{"loc":{"start":{"line":3,"column":6},"end":{"line":3,"column":31}},"type":"binary-expr","locations":[{"start":{"line":3,"column":6},"end":{"line":3,"column":18}},{"start":{"line":3,"column":18},"end":{"line":3,"column":31}}],"line":3},"2":{"loc":{"start":{"line":4,"column":9},"end":{"line":4,"column":null}},"type":"cond-expr","locations":[{"start":{"line":4,"column":24},"end":{"line":4,"column":39}},{"start":{"line":4,"column":39},"end":{"line":4,"column":null}}],"line":4},"3":{"loc":{"start":{"line":9,"column":2},"end":{"line":9,"column":null}},"type":"if","locations":[{"start":{"line":9,"column":2},"end":{"line":9,"column":null}},{"start":{},"end":{}}],"line":9},"4":{"loc":{"start":{"line":9,"column":6},"end":{"line":9,"column":35}},"type":"binary-expr","locations":[{"start":{"line":9,"column":6},"end":{"line":9,"column":22}},{"start":{"line":9,"column":22},"end":{"line":9,"column":35}}],"line":9}},"s":{"0":6,"1":0,"2":6,"3":5,"4":0,"5":5},"f":{"0":6,"1":5},"b":{"0":[0,6],"1":[6,6],"2":[3,3],"3":[0,5],"4":[5,5]},"meta":{"lastBranch":5,"lastFunction":2,"lastStatement":6,"seen":{"f:2:16:2:34":0,"b:3:2:3:Infinity:undefined:undefined:undefined:undefined":0,"s:3:2:3:Infinity":0,"b:3:6:3:18:3:18:3:31":1,"s:3:31:3:Infinity":1,"s:4:2:4:Infinity":2,"b:4:24:4:39:4:39:4:Infinity":2,"f:8:16:8:34":1,"b:9:2:9:Infinity:undefined:undefined:undefined:undefined":3,"s:9:2:9:Infinity":3,"b:9:6:9:22:9:22:9:35":4,"s:9:35:9:Infinity":4,"s:10:2:10:Infinity":5}}}
,"/home/deathcamel57/Documents/dev/open-tamron-tap-in/src/util/parsers/errorParser.ts": {"path":"/home/deathcamel57/Documents/dev/open-tamron-tap-in/src/util/parsers/errorParser.ts","statementMap":{"0":{"start":{"line":5,"column":18},"end":{"line":5,"column":null}},"1":{"start":{"line":6,"column":32},"end":{"line":6,"column":null}},"2":{"start":{"line":7,"column":2},"end":{"line":7,"column":null}},"3":{"start":{"line":9,"column":2},"end":{"line":31,"column":null}},"4":{"start":{"line":10,"column":4},"end":{"line":10,"column":null}},"5":{"start":{"line":12,"column":4},"end":{"line":30,"column":null}},"6":{"start":{"line":13,"column":6},"end":{"line":27,"column":null}},"7":{"start":{"line":19,"column":10},"end":{"line":19,"column":null}},"8":{"start":{"line":20,"column":10},"end":{"line":20,"column":null}},"9":{"start":{"line":21,"column":10},"end":{"line":21,"column":null}},"10":{"start":{"line":23,"column":10},"end":{"line":23,"column":null}},"11":{"start":{"line":24,"column":10},"end":{"line":24,"column":null}},"12":{"start":{"line":25,"column":10},"end":{"line":25,"column":null}},"13":{"start":{"line":26,"column":10},"end":{"line":26,"column":null}},"14":{"start":{"line":29,"column":6},"end":{"line":29,"column":null}},"15":{"start":{"line":33,"column":2},"end":{"line":33,"column":null}}},"fnMap":{"0":{"name":"errorParser","decl":{"start":{"line":4,"column":16},"end":{"line":4,"column":28}},"loc":{"start":{"line":4,"column":77},"end":{"line":34,"column":null}},"line":4}},"branchMap":{"0":{"loc":{"start":{"line":7,"column":9},"end":{"line":7,"column":null}},"type":"binary-expr","locations":[{"start":{"line":7,"column":9},"end":{"line":7,"column":45}},{"start":{"line":7,"column":45},"end":{"line":7,"column":null}}],"line":7},"1":{"loc":{"start":{"line":9,"column":2},"end":{"line":31,"column":null}},"type":"if","locations":[{"start":{"line":9,"column":2},"end":{"line":31,"column":null}},{"start":{"line":11,"column":9},"end":{"line":31,"column":null}}],"line":9},"2":{"loc":{"start":{"line":12,"column":4},"end":{"line":30,"column":null}},"type":"if","locations":[{"start":{"line":12,"column":4},"end":{"line":30,"column":null}},{"start":{"line":28,"column":11},"end":{"line":30,"column":null}}],"line":12},"3":{"loc":{"start":{"line":13,"column":6},"end":{"line":27,"column":null}},"type":"switch","locations":[{"start":{"line":14,"column":8},"end":{"line":21,"column":null}},{"start":{"line":22,"column":8},"end":{"line":26,"column":null}}],"line":13}},"s":{"0":1,"1":1,"2":1,"3":1,"4":0,"5":1,"6":1,"7":1,"8":1,"9":1,"10":0,"11":0,"12":0,"13":0,"14":0,"15":1},"f":{"0":1},"b":{"0":[1,0],"1":[0,1],"2":[1,0],"3":[1,0]},"meta":{"lastBranch":4,"lastFunction":1,"lastStatement":16,"seen":{"f:4:16:4:28":0,"s:5:18:5:Infinity":0,"s:6:32:6:Infinity":1,"s:7:2:7:Infinity":2,"b:7:9:7:45:7:45:7:Infinity":0,"b:9:2:31:Infinity:11:9:31:Infinity":1,"s:9:2:31:Infinity":3,"s:10:4:10:Infinity":4,"b:12:4:30:Infinity:28:11:30:Infinity":2,"s:12:4:30:Infinity":5,"b:14:8:21:Infinity:22:8:26:Infinity":3,"s:13:6:27:Infinity":6,"s:19:10:19:Infinity":7,"s:20:10:20:Infinity":8,"s:21:10:21:Infinity":9,"s:23:10:23:Infinity":10,"s:24:10:24:Infinity":11,"s:25:10:25:Infinity":12,"s:26:10:26:Infinity":13,"s:29:6:29:Infinity":14,"s:33:2:33:Infinity":15}}}
,"/home/deathcamel57/Documents/dev/open-tamron-tap-in/src/util/parsers/getSettingsParser.ts": {"path":"/home/deathcamel57/Documents/dev/open-tamron-tap-in/src/util/parsers/getSettingsParser.ts","statementMap":{"0":{"start":{"line":7,"column":18},"end":{"line":7,"column":null}},"1":{"start":{"line":9,"column":32},"end":{"line":9,"column":null}},"2":{"start":{"line":11,"column":8},"end":{"line":11,"column":null}},"3":{"start":{"line":13,"column":2},"end":{"line":13,"column":null}},"4":{"start":{"line":20,"column":37},"end":{"line":20,"column":null}},"5":{"start":{"line":25,"column":2},"end":{"line":28,"column":null}},"6":{"start":{"line":32,"column":2},"end":{"line":32,"column":null}},"7":{"start":{"line":33,"column":2},"end":{"line":44,"column":null}},"8":{"start":{"line":35,"column":6},"end":{"line":35,"column":null}},"9":{"start":{"line":36,"column":6},"end":{"line":36,"column":null}},"10":{"start":{"line":37,"column":6},"end":{"line":37,"column":null}},"11":{"start":{"line":38,"column":6},"end":{"line":38,"column":null}},"12":{"start":{"line":40,"column":6},"end":{"line":40,"column":null}},"13":{"start":{"line":41,"column":6},"end":{"line":41,"column":null}},"14":{"start":{"line":42,"column":6},"end":{"line":42,"column":null}},"15":{"start":{"line":43,"column":6},"end":{"line":43,"column":null}},"16":{"start":{"line":46,"column":2},"end":{"line":54,"column":null}},"17":{"start":{"line":47,"column":4},"end":{"line":47,"column":null}},"18":{"start":{"line":49,"column":4},"end":{"line":53,"column":null}},"19":{"start":{"line":50,"column":6},"end":{"line":50,"column":null}},"20":{"start":{"line":52,"column":6},"end":{"line":52,"column":null}},"21":{"start":{"line":56,"column":24},"end":{"line":56,"column":null}},"22":{"start":{"line":57,"column":2},"end":{"line":57,"column":null}},"23":{"start":{"line":58,"column":2},"end":{"line":72,"column":null}},"24":{"start":{"line":58,"column":15},"end":{"line":58,"column":18}},"25":{"start":{"line":59,"column":22},"end":{"line":59,"column":null}},"26":{"start":{"line":60,"column":4},"end":{"line":60,"column":null}},"27":{"start":{"line":62,"column":4},"end":{"line":71,"column":null}},"28":{"start":{"line":74,"column":2},"end":{"line":74,"column":null}},"29":{"start":{"line":76,"column":2},"end":{"line":76,"column":null}}},"fnMap":{"0":{"name":"getSettingsParser","decl":{"start":{"line":6,"column":16},"end":{"line":6,"column":34}},"loc":{"start":{"line":6,"column":83},"end":{"line":77,"column":null}},"line":6}},"branchMap":{"0":{"loc":{"start":{"line":13,"column":9},"end":{"line":13,"column":null}},"type":"binary-expr","locations":[{"start":{"line":13,"column":9},"end":{"line":13,"column":45}},{"start":{"line":13,"column":45},"end":{"line":13,"column":null}}],"line":13},"1":{"loc":{"start":{"line":33,"column":2},"end":{"line":44,"column":null}},"type":"switch","locations":[{"start":{"line":34,"column":4},"end":{"line":38,"column":null}},{"start":{"line":39,"column":4},"end":{"line":43,"column":null}}],"line":33},"2":{"loc":{"start":{"line":46,"column":2},"end":{"line":54,"column":null}},"type":"if","locations":[{"start":{"line":46,"column":2},"end":{"line":54,"column":null}},{"start":{"line":48,"column":9},"end":{"line":54,"column":null}}],"line":46},"3":{"loc":{"start":{"line":49,"column":4},"end":{"line":53,"column":null}},"type":"if","locations":[{"start":{"line":49,"column":4},"end":{"line":53,"column":null}},{"start":{"line":51,"column":11},"end":{"line":53,"column":null}}],"line":49},"4":{"loc":{"start":{"line":49,"column":8},"end":{"line":49,"column":44}},"type":"binary-expr","locations":[{"start":{"line":49,"column":8},"end":{"line":49,"column":27}},{"start":{"line":49,"column":27},"end":{"line":49,"column":44}}],"line":49}},"s":{"0":1,"1":1,"2":1,"3":1,"4":1,"5":1,"6":1,"7":1,"8":1,"9":1,"10":1,"11":1,"12":0,"13":0,"14":0,"15":0,"16":1,"17":0,"18":1,"19":1,"20":0,"21":1,"22":1,"23":1,"24":1,"25":3,"26":3,"27":3,"28":1,"29":1},"f":{"0":1},"b":{"0":[1,0],"1":[1,0],"2":[0,1],"3":[1,0],"4":[1,1]},"meta":{"lastBranch":5,"lastFunction":1,"lastStatement":30,"seen":{"f:6:16:6:34":0,"s:7:18:7:Infinity":0,"s:9:32:9:Infinity":1,"s:11:8:11:Infinity":2,"s:13:2:13:Infinity":3,"b:13:9:13:45:13:45:13:Infinity":0,"s:20:37:20:Infinity":4,"s:25:2:28:Infinity":5,"s:32:2:32:Infinity":6,"b:34:4:38:Infinity:39:4:43:Infinity":1,"s:33:2:44:Infinity":7,"s:35:6:35:Infinity":8,"s:36:6:36:Infinity":9,"s:37:6:37:Infinity":10,"s:38:6:38:Infinity":11,"s:40:6:40:Infinity":12,"s:41:6:41:Infinity":13,"s:42:6:42:Infinity":14,"s:43:6:43:Infinity":15,"b:46:2:54:Infinity:48:9:54:Infinity":2,"s:46:2:54:Infinity":16,"s:47:4:47:Infinity":17,"b:49:4:53:Infinity:51:11:53:Infinity":3,"s:49:4:53:Infinity":18,"b:49:8:49:27:49:27:49:44":4,"s:50:6:50:Infinity":19,"s:52:6:52:Infinity":20,"s:56:24:56:Infinity":21,"s:57:2:57:Infinity":22,"s:58:2:72:Infinity":23,"s:58:15:58:18":24,"s:59:22:59:Infinity":25,"s:60:4:60:Infinity":26,"s:62:4:71:Infinity":27,"s:74:2:74:Infinity":28,"s:76:2:76:Infinity":29}}}
,"/home/deathcamel57/Documents/dev/open-tamron-tap-in/src/util/parsers/getStatusParser.ts": {"path":"/home/deathcamel57/Documents/dev/open-tamron-tap-in/src/util/parsers/getStatusParser.ts","statementMap":{"0":{"start":{"line":8,"column":16},"end":{"line":8,"column":null}},"1":{"start":{"line":10,"column":32},"end":{"line":10,"column":null}},"2":{"start":{"line":11,"column":2},"end":{"line":11,"column":null}},"3":{"start":{"line":13,"column":2},"end":{"line":13,"column":null}},"4":{"start":{"line":15,"column":2},"end":{"line":15,"column":null}},"5":{"start":{"line":16,"column":2},"end":{"line":27,"column":null}},"6":{"start":{"line":18,"column":6},"end":{"line":18,"column":null}},"7":{"start":{"line":19,"column":6},"end":{"line":19,"column":null}},"8":{"start":{"line":21,"column":6},"end":{"line":21,"column":null}},"9":{"start":{"line":22,"column":6},"end":{"line":22,"column":null}},"10":{"start":{"line":24,"column":6},"end":{"line":24,"column":null}},"11":{"start":{"line":25,"column":6},"end":{"line":25,"column":null}},"12":{"start":{"line":26,"column":6},"end":{"line":26,"column":null}},"13":{"start":{"line":29,"column":2},"end":{"line":245,"column":null}},"14":{"start":{"line":30,"column":4},"end":{"line":30,"column":null}},"15":{"start":{"line":32,"column":4},"end":{"line":35,"column":null}},"16":{"start":{"line":33,"column":6},"end":{"line":33,"column":null}},"17":{"start":{"line":34,"column":6},"end":{"line":34,"column":null}},"18":{"start":{"line":38,"column":4},"end":{"line":244,"column":null}},"19":{"start":{"line":41,"column":8},"end":{"line":41,"column":null}},"20":{"start":{"line":43,"column":35},"end":{"line":43,"column":null}},"21":{"start":{"line":45,"column":27},"end":{"line":45,"column":null}},"22":{"start":{"line":46,"column":8},"end":{"line":46,"column":null}},"23":{"start":{"line":48,"column":29},"end":{"line":48,"column":null}},"24":{"start":{"line":49,"column":22},"end":{"line":49,"column":null}},"25":{"start":{"line":50,"column":8},"end":{"line":50,"column":null}},"26":{"start":{"line":52,"column":28},"end":{"line":52,"column":null}},"27":{"start":{"line":53,"column":25},"end":{"line":53,"column":null}},"28":{"start":{"line":54,"column":8},"end":{"line":56,"column":null}},"29":{"start":{"line":55,"column":10},"end":{"line":55,"column":null}},"30":{"start":{"line":57,"column":8},"end":{"line":57,"column":null}},"31":{"start":{"line":59,"column":8},"end":{"line":59,"column":null}},"32":{"start":{"line":60,"column":23},"end":{"line":60,"column":null}},"33":{"start":{"line":61,"column":8},"end":{"line":61,"column":null}},"34":{"start":{"line":63,"column":29},"end":{"line":63,"column":null}},"35":{"start":{"line":64,"column":8},"end":{"line":66,"column":null}},"36":{"start":{"line":65,"column":10},"end":{"line":65,"column":null}},"37":{"start":{"line":67,"column":8},"end":{"line":67,"column":null}},"38":{"start":{"line":69,"column":8},"end":{"line":69,"column":null}},"39":{"start":{"line":70,"column":8},"end":{"line":70,"column":null}},"40":{"start":{"line":71,"column":8},"end":{"line":71,"column":null}},"41":{"start":{"line":72,"column":8},"end":{"line":72,"column":null}},"42":{"start":{"line":73,"column":8},"end":{"line":73,"column":null}},"43":{"start":{"line":74,"column":8},"end":{"line":74,"column":null}},"44":{"start":{"line":75,"column":8},"end":{"line":75,"column":null}},"45":{"start":{"line":76,"column":8},"end":{"line":76,"column":null}},"46":{"start":{"line":77,"column":8},"end":{"line":77,"column":null}},"47":{"start":{"line":78,"column":8},"end":{"line":78,"column":null}},"48":{"start":{"line":79,"column":8},"end":{"line":79,"column":null}},"49":{"start":{"line":80,"column":8},"end":{"line":80,"column":null}},"50":{"start":{"line":81,"column":8},"end":{"line":81,"column":null}},"51":{"start":{"line":82,"column":8},"end":{"line":82,"column":null}},"52":{"start":{"line":85,"column":8},"end":{"line":85,"column":null}},"53":{"start":{"line":86,"column":38},"end":{"line":86,"column":null}},"54":{"start":{"line":87,"column":8},"end":{"line":87,"column":null}},"55":{"start":{"line":88,"column":8},"end":{"line":88,"column":null}},"56":{"start":{"line":89,"column":8},"end":{"line":89,"column":null}},"57":{"start":{"line":90,"column":8},"end":{"line":90,"column":null}},"58":{"start":{"line":91,"column":8},"end":{"line":91,"column":null}},"59":{"start":{"line":92,"column":8},"end":{"line":92,"column":null}},"60":{"start":{"line":94,"column":8},"end":{"line":94,"column":null}},"61":{"start":{"line":95,"column":8},"end":{"line":95,"column":null}},"62":{"start":{"line":97,"column":8},"end":{"line":97,"column":null}},"63":{"start":{"line":100,"column":8},"end":{"line":100,"column":null}},"64":{"start":{"line":101,"column":8},"end":{"line":101,"column":null}},"65":{"start":{"line":103,"column":8},"end":{"line":103,"column":null}},"66":{"start":{"line":105,"column":8},"end":{"line":105,"column":null}},"67":{"start":{"line":106,"column":36},"end":{"line":106,"column":null}},"68":{"start":{"line":107,"column":8},"end":{"line":107,"column":null}},"69":{"start":{"line":108,"column":8},"end":{"line":108,"column":null}},"70":{"start":{"line":109,"column":8},"end":{"line":109,"column":null}},"71":{"start":{"line":110,"column":8},"end":{"line":110,"column":null}},"72":{"start":{"line":111,"column":12},"end":{"line":111,"column":null}},"73":{"start":{"line":112,"column":8},"end":{"line":115,"column":null}},"74":{"start":{"line":112,"column":21},"end":{"line":112,"column":24}},"75":{"start":{"line":113,"column":10},"end":{"line":113,"column":null}},"76":{"start":{"line":114,"column":10},"end":{"line":114,"column":null}},"77":{"start":{"line":117,"column":8},"end":{"line":117,"column":null}},"78":{"start":{"line":118,"column":8},"end":{"line":118,"column":null}},"79":{"start":{"line":120,"column":8},"end":{"line":120,"column":null}},"80":{"start":{"line":121,"column":8},"end":{"line":121,"column":null}},"81":{"start":{"line":123,"column":8},"end":{"line":123,"column":null}},"82":{"start":{"line":124,"column":8},"end":{"line":124,"column":null}},"83":{"start":{"line":126,"column":8},"end":{"line":126,"column":null}},"84":{"start":{"line":127,"column":8},"end":{"line":131,"column":null}},"85":{"start":{"line":127,"column":21},"end":{"line":127,"column":24}},"86":{"start":{"line":128,"column":25},"end":{"line":128,"column":null}},"87":{"start":{"line":129,"column":10},"end":{"line":129,"column":null}},"88":{"start":{"line":130,"column":10},"end":{"line":130,"column":null}},"89":{"start":{"line":133,"column":8},"end":{"line":133,"column":null}},"90":{"start":{"line":134,"column":8},"end":{"line":139,"column":null}},"91":{"start":{"line":134,"column":21},"end":{"line":134,"column":24}},"92":{"start":{"line":135,"column":30},"end":{"line":135,"column":null}},"93":{"start":{"line":136,"column":32},"end":{"line":136,"column":null}},"94":{"start":{"line":137,"column":10},"end":{"line":137,"column":null}},"95":{"start":{"line":138,"column":10},"end":{"line":138,"column":null}},"96":{"start":{"line":141,"column":8},"end":{"line":210,"column":null}},"97":{"start":{"line":142,"column":16},"end":{"line":142,"column":null}},"98":{"start":{"line":143,"column":28},"end":{"line":143,"column":null}},"99":{"start":{"line":145,"column":27},"end":{"line":145,"column":null}},"100":{"start":{"line":146,"column":10},"end":{"line":165,"column":null}},"101":{"start":{"line":148,"column":24},"end":{"line":148,"column":null}},"102":{"start":{"line":149,"column":26},"end":{"line":149,"column":null}},"103":{"start":{"line":150,"column":28},"end":{"line":150,"column":null}},"104":{"start":{"line":151,"column":12},"end":{"line":153,"column":null}},"105":{"start":{"line":152,"column":14},"end":{"line":152,"column":null}},"106":{"start":{"line":155,"column":24},"end":{"line":155,"column":null}},"107":{"start":{"line":156,"column":12},"end":{"line":156,"column":null}},"108":{"start":{"line":157,"column":12},"end":{"line":164,"column":null}},"109":{"start":{"line":158,"column":14},"end":{"line":158,"column":null}},"110":{"start":{"line":159,"column":14},"end":{"line":161,"column":null}},"111":{"start":{"line":160,"column":16},"end":{"line":160,"column":null}},"112":{"start":{"line":163,"column":14},"end":{"line":163,"column":null}},"113":{"start":{"line":167,"column":10},"end":{"line":207,"column":null}},"114":{"start":{"line":169,"column":26},"end":{"line":169,"column":null}},"115":{"start":{"line":170,"column":12},"end":{"line":206,"column":null}},"116":{"start":{"line":171,"column":32},"end":{"line":171,"column":null}},"117":{"start":{"line":173,"column":36},"end":{"line":173,"column":null}},"118":{"start":{"line":174,"column":14},"end":{"line":176,"column":null}},"119":{"start":{"line":174,"column":27},"end":{"line":174,"column":30}},"120":{"start":{"line":175,"column":16},"end":{"line":175,"column":null}},"121":{"start":{"line":178,"column":35},"end":{"line":178,"column":null}},"122":{"start":{"line":179,"column":14},"end":{"line":181,"column":null}},"123":{"start":{"line":179,"column":27},"end":{"line":179,"column":30}},"124":{"start":{"line":180,"column":16},"end":{"line":180,"column":null}},"125":{"start":{"line":183,"column":14},"end":{"line":205,"column":null}},"126":{"start":{"line":209,"column":10},"end":{"line":209,"column":null}},"127":{"start":{"line":212,"column":8},"end":{"line":212,"column":null}},"128":{"start":{"line":214,"column":8},"end":{"line":214,"column":null}},"129":{"start":{"line":218,"column":8},"end":{"line":218,"column":null}},"130":{"start":{"line":220,"column":8},"end":{"line":220,"column":null}},"131":{"start":{"line":221,"column":24},"end":{"line":221,"column":null}},"132":{"start":{"line":223,"column":8},"end":{"line":237,"column":null}},"133":{"start":{"line":225,"column":12},"end":{"line":225,"column":null}},"134":{"start":{"line":226,"column":12},"end":{"line":226,"column":null}},"135":{"start":{"line":228,"column":12},"end":{"line":228,"column":null}},"136":{"start":{"line":229,"column":12},"end":{"line":229,"column":null}},"137":{"start":{"line":231,"column":12},"end":{"line":231,"column":null}},"138":{"start":{"line":232,"column":12},"end":{"line":232,"column":null}},"139":{"start":{"line":234,"column":12},"end":{"line":234,"column":null}},"140":{"start":{"line":235,"column":12},"end":{"line":235,"column":null}},"141":{"start":{"line":236,"column":12},"end":{"line":236,"column":null}},"142":{"start":{"line":239,"column":8},"end":{"line":239,"column":null}},"143":{"start":{"line":240,"column":8},"end":{"line":240,"column":null}},"144":{"start":{"line":242,"column":8},"end":{"line":242,"column":null}},"145":{"start":{"line":247,"column":2},"end":{"line":247,"column":null}}},"fnMap":{"0":{"name":"getStatusParser","decl":{"start":{"line":7,"column":16},"end":{"line":7,"column":32}},"loc":{"start":{"line":7,"column":81},"end":{"line":248,"column":null}},"line":7}},"branchMap":{"0":{"loc":{"start":{"line":11,"column":9},"end":{"line":11,"column":null}},"type":"binary-expr","locations":[{"start":{"line":11,"column":9},"end":{"line":11,"column":45}},{"start":{"line":11,"column":45},"end":{"line":11,"column":null}}],"line":11},"1":{"loc":{"start":{"line":16,"column":2},"end":{"line":27,"column":null}},"type":"switch","locations":[{"start":{"line":17,"column":4},"end":{"line":19,"column":null}},{"start":{"line":20,"column":4},"end":{"line":22,"column":null}},{"start":{"line":23,"column":4},"end":{"line":26,"column":null}}],"line":16},"2":{"loc":{"start":{"line":29,"column":2},"end":{"line":245,"column":null}},"type":"if","locations":[{"start":{"line":29,"column":2},"end":{"line":245,"column":null}},{"start":{"line":31,"column":9},"end":{"line":245,"column":null}}],"line":29},"3":{"loc":{"start":{"line":32,"column":4},"end":{"line":35,"column":null}},"type":"if","locations":[{"start":{"line":32,"column":4},"end":{"line":35,"column":null}},{"start":{},"end":{}}],"line":32},"4":{"loc":{"start":{"line":38,"column":4},"end":{"line":244,"column":null}},"type":"switch","locations":[{"start":{"line":39,"column":6},"end":{"line":215,"column":null}},{"start":{"line":216,"column":6},"end":{"line":243,"column":null}}],"line":38},"5":{"loc":{"start":{"line":54,"column":8},"end":{"line":56,"column":null}},"type":"if","locations":[{"start":{"line":54,"column":8},"end":{"line":56,"column":null}},{"start":{},"end":{}}],"line":54},"6":{"loc":{"start":{"line":64,"column":8},"end":{"line":66,"column":null}},"type":"if","locations":[{"start":{"line":64,"column":8},"end":{"line":66,"column":null}},{"start":{},"end":{}}],"line":64},"7":{"loc":{"start":{"line":113,"column":33},"end":{"line":113,"column":null}},"type":"cond-expr","locations":[{"start":{"line":113,"column":55},"end":{"line":113,"column":59}},{"start":{"line":113,"column":59},"end":{"line":113,"column":null}}],"line":113},"8":{"loc":{"start":{"line":146,"column":10},"end":{"line":165,"column":null}},"type":"if","locations":[{"start":{"line":146,"column":10},"end":{"line":165,"column":null}},{"start":{"line":154,"column":17},"end":{"line":165,"column":null}}],"line":146},"9":{"loc":{"start":{"line":151,"column":12},"end":{"line":153,"column":null}},"type":"if","locations":[{"start":{"line":151,"column":12},"end":{"line":153,"column":null}},{"start":{},"end":{}}],"line":151},"10":{"loc":{"start":{"line":159,"column":14},"end":{"line":161,"column":null}},"type":"if","locations":[{"start":{"line":159,"column":14},"end":{"line":161,"column":null}},{"start":{},"end":{}}],"line":159},"11":{"loc":{"start":{"line":167,"column":10},"end":{"line":207,"column":null}},"type":"if","locations":[{"start":{"line":167,"column":10},"end":{"line":207,"column":null}},{"start":{},"end":{}}],"line":167},"12":{"loc":{"start":{"line":170,"column":12},"end":{"line":206,"column":null}},"type":"if","locations":[{"start":{"line":170,"column":12},"end":{"line":206,"column":null}},{"start":{},"end":{}}],"line":170},"13":{"loc":{"start":{"line":223,"column":8},"end":{"line":237,"column":null}},"type":"switch","locations":[{"start":{"line":224,"column":10},"end":{"line":226,"column":null}},{"start":{"line":227,"column":10},"end":{"line":229,"column":null}},{"start":{"line":230,"column":10},"end":{"line":232,"column":null}},{"start":{"line":233,"column":10},"end":{"line":236,"column":null}}],"line":223}},"s":{"0":2,"1":2,"2":2,"3":2,"4":2,"5":2,"6":1,"7":1,"8":1,"9":1,"10":0,"11":0,"12":0,"13":2,"14":0,"15":2,"16":0,"17":0,"18":2,"19":1,"20":1,"21":1,"22":1,"23":1,"24":1,"25":1,"26":1,"27":1,"28":1,"29":0,"30":1,"31":1,"32":1,"33":1,"34":1,"35":1,"36":1,"37":1,"38":1,"39":1,"40":1,"41":1,"42":1,"43":1,"44":1,"45":1,"46":1,"47":1,"48":1,"49":1,"50":1,"51":1,"52":1,"53":1,"54":1,"55":1,"56":1,"57":1,"58":1,"59":1,"60":1,"61":1,"62":1,"63":1,"64":1,"65":1,"66":1,"67":1,"68":1,"69":1,"70":1,"71":1,"72":1,"73":1,"74":1,"75":4,"76":4,"77":1,"78":1,"79":1,"80":1,"81":1,"82":1,"83":1,"84":1,"85":1,"86":4,"87":4,"88":4,"89":1,"90":1,"91":1,"92":8,"93":8,"94":8,"95":8,"96":1,"97":1,"98":1,"99":1,"100":1,"101":1,"102":1,"103":1,"104":1,"105":1,"106":0,"107":0,"108":0,"109":0,"110":0,"111":0,"112":0,"113":1,"114":1,"115":1,"116":1,"117":1,"118":1,"119":1,"120":8,"121":1,"122":1,"123":1,"124":4,"125":1,"126":0,"127":1,"128":1,"129":1,"130":1,"131":1,"132":1,"133":0,"134":0,"135":1,"136":1,"137":0,"138":0,"139":0,"140":0,"141":0,"142":1,"143":1,"144":1,"145":2},"f":{"0":2},"b":{"0":[2,0],"1":[1,1,0],"2":[0,2],"3":[0,2],"4":[1,1],"5":[0,1],"6":[1,0],"7":[0,4],"8":[1,0],"9":[1,0],"10":[0,0],"11":[1,0],"12":[1,0],"13":[0,1,0,0]},"meta":{"lastBranch":14,"lastFunction":1,"lastStatement":146,"seen":{"f:7:16:7:32":0,"s:8:16:8:Infinity":0,"s:10:32:10:Infinity":1,"s:11:2:11:Infinity":2,"b:11:9:11:45:11:45:11:Infinity":0,"s:13:2:13:Infinity":3,"s:15:2:15:Infinity":4,"b:17:4:19:Infinity:20:4:22:Infinity:23:4:26:Infinity":1,"s:16:2:27:Infinity":5,"s:18:6:18:Infinity":6,"s:19:6:19:Infinity":7,"s:21:6:21:Infinity":8,"s:22:6:22:Infinity":9,"s:24:6:24:Infinity":10,"s:25:6:25:Infinity":11,"s:26:6:26:Infinity":12,"b:29:2:245:Infinity:31:9:245:Infinity":2,"s:29:2:245:Infinity":13,"s:30:4:30:Infinity":14,"b:32:4:35:Infinity:undefined:undefined:undefined:undefined":3,"s:32:4:35:Infinity":15,"s:33:6:33:Infinity":16,"s:34:6:34:Infinity":17,"b:39:6:215:Infinity:216:6:243:Infinity":4,"s:38:4:244:Infinity":18,"s:41:8:41:Infinity":19,"s:43:35:43:Infinity":20,"s:45:27:45:Infinity":21,"s:46:8:46:Infinity":22,"s:48:29:48:Infinity":23,"s:49:22:49:Infinity":24,"s:50:8:50:Infinity":25,"s:52:28:52:Infinity":26,"s:53:25:53:Infinity":27,"b:54:8:56:Infinity:undefined:undefined:undefined:undefined":5,"s:54:8:56:Infinity":28,"s:55:10:55:Infinity":29,"s:57:8:57:Infinity":30,"s:59:8:59:Infinity":31,"s:60:23:60:Infinity":32,"s:61:8:61:Infinity":33,"s:63:29:63:Infinity":34,"b:64:8:66:Infinity:undefined:undefined:undefined:undefined":6,"s:64:8:66:Infinity":35,"s:65:10:65:Infinity":36,"s:67:8:67:Infinity":37,"s:69:8:69:Infinity":38,"s:70:8:70:Infinity":39,"s:71:8:71:Infinity":40,"s:72:8:72:Infinity":41,"s:73:8:73:Infinity":42,"s:74:8:74:Infinity":43,"s:75:8:75:Infinity":44,"s:76:8:76:Infinity":45,"s:77:8:77:Infinity":46,"s:78:8:78:Infinity":47,"s:79:8:79:Infinity":48,"s:80:8:80:Infinity":49,"s:81:8:81:Infinity":50,"s:82:8:82:Infinity":51,"s:85:8:85:Infinity":52,"s:86:38:86:Infinity":53,"s:87:8:87:Infinity":54,"s:88:8:88:Infinity":55,"s:89:8:89:Infinity":56,"s:90:8:90:Infinity":57,"s:91:8:91:Infinity":58,"s:92:8:92:Infinity":59,"s:94:8:94:Infinity":60,"s:95:8:95:Infinity":61,"s:97:8:97:Infinity":62,"s:100:8:100:Infinity":63,"s:101:8:101:Infinity":64,"s:103:8:103:Infinity":65,"s:105:8:105:Infinity":66,"s:106:36:106:Infinity":67,"s:107:8:107:Infinity":68,"s:108:8:108:Infinity":69,"s:109:8:109:Infinity":70,"s:110:8:110:Infinity":71,"s:111:12:111:Infinity":72,"s:112:8:115:Infinity":73,"s:112:21:112:24":74,"s:113:10:113:Infinity":75,"b:113:55:113:59:113:59:113:Infinity":7,"s:114:10:114:Infinity":76,"s:117:8:117:Infinity":77,"s:118:8:118:Infinity":78,"s:120:8:120:Infinity":79,"s:121:8:121:Infinity":80,"s:123:8:123:Infinity":81,"s:124:8:124:Infinity":82,"s:126:8:126:Infinity":83,"s:127:8:131:Infinity":84,"s:127:21:127:24":85,"s:128:25:128:Infinity":86,"s:129:10:129:Infinity":87,"s:130:10:130:Infinity":88,"s:133:8:133:Infinity":89,"s:134:8:139:Infinity":90,"s:134:21:134:24":91,"s:135:30:135:Infinity":92,"s:136:32:136:Infinity":93,"s:137:10:137:Infinity":94,"s:138:10:138:Infinity":95,"s:141:8:210:Infinity":96,"s:142:16:142:Infinity":97,"s:143:28:143:Infinity":98,"s:145:27:145:Infinity":99,"b:146:10:165:Infinity:154:17:165:Infinity":8,"s:146:10:165:Infinity":100,"s:148:24:148:Infinity":101,"s:149:26:149:Infinity":102,"s:150:28:150:Infinity":103,"b:151:12:153:Infinity:undefined:undefined:undefined:undefined":9,"s:151:12:153:Infinity":104,"s:152:14:152:Infinity":105,"s:155:24:155:Infinity":106,"s:156:12:156:Infinity":107,"s:157:12:164:Infinity":108,"s:158:14:158:Infinity":109,"b:159:14:161:Infinity:undefined:undefined:undefined:undefined":10,"s:159:14:161:Infinity":110,"s:160:16:160:Infinity":111,"s:163:14:163:Infinity":112,"b:167:10:207:Infinity:undefined:undefined:undefined:undefined":11,"s:167:10:207:Infinity":113,"s:169:26:169:Infinity":114,"b:170:12:206:Infinity:undefined:undefined:undefined:undefined":12,"s:170:12:206:Infinity":115,"s:171:32:171:Infinity":116,"s:173:36:173:Infinity":117,"s:174:14:176:Infinity":118,"s:174:27:174:30":119,"s:175:16:175:Infinity":120,"s:178:35:178:Infinity":121,"s:179:14:181:Infinity":122,"s:179:27:179:30":123,"s:180:16:180:Infinity":124,"s:183:14:205:Infinity":125,"s:209:10:209:Infinity":126,"s:212:8:212:Infinity":127,"s:214:8:214:Infinity":128,"s:218:8:218:Infinity":129,"s:220:8:220:Infinity":130,"s:221:24:221:Infinity":131,"b:224:10:226:Infinity:227:10:229:Infinity:230:10:232:Infinity:233:10:236:Infinity":13,"s:223:8:237:Infinity":132,"s:225:12:225:Infinity":133,"s:226:12:226:Infinity":134,"s:228:12:228:Infinity":135,"s:229:12:229:Infinity":136,"s:231:12:231:Infinity":137,"s:232:12:232:Infinity":138,"s:234:12:234:Infinity":139,"s:235:12:235:Infinity":140,"s:236:12:236:Infinity":141,"s:239:8:239:Infinity":142,"s:240:8:240:Infinity":143,"s:242:8:242:Infinity":144,"s:247:2:247:Infinity":145}}}
,"/home/deathcamel57/Documents/dev/open-tamron-tap-in/src/util/parsers/powerOffParser.ts": {"path":"/home/deathcamel57/Documents/dev/open-tamron-tap-in/src/util/parsers/powerOffParser.ts","statementMap":{"0":{"start":{"line":5,"column":18},"end":{"line":5,"column":null}},"1":{"start":{"line":6,"column":32},"end":{"line":6,"column":null}},"2":{"start":{"line":7,"column":2},"end":{"line":7,"column":null}},"3":{"start":{"line":9,"column":2},"end":{"line":23,"column":null}},"4":{"start":{"line":10,"column":4},"end":{"line":10,"column":null}},"5":{"start":{"line":12,"column":4},"end":{"line":22,"column":null}},"6":{"start":{"line":13,"column":6},"end":{"line":19,"column":null}},"7":{"start":{"line":14,"column":8},"end":{"line":14,"column":null}},"8":{"start":{"line":15,"column":8},"end":{"line":15,"column":null}},"9":{"start":{"line":16,"column":6},"end":{"line":19,"column":null}},"10":{"start":{"line":17,"column":8},"end":{"line":17,"column":null}},"11":{"start":{"line":18,"column":8},"end":{"line":18,"column":null}},"12":{"start":{"line":21,"column":6},"end":{"line":21,"column":null}},"13":{"start":{"line":25,"column":2},"end":{"line":25,"column":null}}},"fnMap":{"0":{"name":"powerOffParser","decl":{"start":{"line":4,"column":16},"end":{"line":4,"column":31}},"loc":{"start":{"line":4,"column":80},"end":{"line":26,"column":null}},"line":4}},"branchMap":{"0":{"loc":{"start":{"line":7,"column":9},"end":{"line":7,"column":null}},"type":"binary-expr","locations":[{"start":{"line":7,"column":9},"end":{"line":7,"column":45}},{"start":{"line":7,"column":45},"end":{"line":7,"column":null}}],"line":7},"1":{"loc":{"start":{"line":9,"column":2},"end":{"line":23,"column":null}},"type":"if","locations":[{"start":{"line":9,"column":2},"end":{"line":23,"column":null}},{"start":{"line":11,"column":9},"end":{"line":23,"column":null}}],"line":9},"2":{"loc":{"start":{"line":12,"column":4},"end":{"line":22,"column":null}},"type":"if","locations":[{"start":{"line":12,"column":4},"end":{"line":22,"column":null}},{"start":{"line":20,"column":11},"end":{"line":22,"column":null}}],"line":12},"3":{"loc":{"start":{"line":13,"column":6},"end":{"line":19,"column":null}},"type":"if","locations":[{"start":{"line":13,"column":6},"end":{"line":19,"column":null}},{"start":{"line":16,"column":6},"end":{"line":19,"column":null}}],"line":13},"4":{"loc":{"start":{"line":16,"column":6},"end":{"line":19,"column":null}},"type":"if","locations":[{"start":{"line":16,"column":6},"end":{"line":19,"column":null}},{"start":{},"end":{}}],"line":16}},"s":{"0":2,"1":2,"2":2,"3":2,"4":1,"5":1,"6":1,"7":0,"8":0,"9":1,"10":1,"11":1,"12":0,"13":2},"f":{"0":2},"b":{"0":[2,0],"1":[1,1],"2":[1,0],"3":[0,1],"4":[1,0]},"meta":{"lastBranch":5,"lastFunction":1,"lastStatement":14,"seen":{"f:4:16:4:31":0,"s:5:18:5:Infinity":0,"s:6:32:6:Infinity":1,"s:7:2:7:Infinity":2,"b:7:9:7:45:7:45:7:Infinity":0,"b:9:2:23:Infinity:11:9:23:Infinity":1,"s:9:2:23:Infinity":3,"s:10:4:10:Infinity":4,"b:12:4:22:Infinity:20:11:22:Infinity":2,"s:12:4:22:Infinity":5,"b:13:6:19:Infinity:16:6:19:Infinity":3,"s:13:6:19:Infinity":6,"s:14:8:14:Infinity":7,"s:15:8:15:Infinity":8,"b:16:6:19:Infinity:undefined:undefined:undefined:undefined":4,"s:16:6:19:Infinity":9,"s:17:8:17:Infinity":10,"s:18:8:18:Infinity":11,"s:21:6:21:Infinity":12,"s:25:2:25:Infinity":13}}}
,"/home/deathcamel57/Documents/dev/open-tamron-tap-in/src/util/parsers/powerOnParser.ts": {"path":"/home/deathcamel57/Documents/dev/open-tamron-tap-in/src/util/parsers/powerOnParser.ts","statementMap":{"0":{"start":{"line":5,"column":18},"end":{"line":5,"column":null}},"1":{"start":{"line":6,"column":32},"end":{"line":6,"column":null}},"2":{"start":{"line":7,"column":2},"end":{"line":7,"column":null}},"3":{"start":{"line":9,"column":2},"end":{"line":24,"column":null}},"4":{"start":{"line":10,"column":4},"end":{"line":10,"column":null}},"5":{"start":{"line":11,"column":4},"end":{"line":11,"column":null}},"6":{"start":{"line":13,"column":4},"end":{"line":23,"column":null}},"7":{"start":{"line":14,"column":6},"end":{"line":20,"column":null}},"8":{"start":{"line":15,"column":8},"end":{"line":15,"column":null}},"9":{"start":{"line":16,"column":8},"end":{"line":16,"column":null}},"10":{"start":{"line":17,"column":6},"end":{"line":20,"column":null}},"11":{"start":{"line":18,"column":8},"end":{"line":18,"column":null}},"12":{"start":{"line":19,"column":8},"end":{"line":19,"column":null}},"13":{"start":{"line":22,"column":6},"end":{"line":22,"column":null}},"14":{"start":{"line":26,"column":2},"end":{"line":26,"column":null}}},"fnMap":{"0":{"name":"powerOnParser","decl":{"start":{"line":4,"column":16},"end":{"line":4,"column":30}},"loc":{"start":{"line":4,"column":79},"end":{"line":27,"column":null}},"line":4}},"branchMap":{"0":{"loc":{"start":{"line":7,"column":9},"end":{"line":7,"column":null}},"type":"binary-expr","locations":[{"start":{"line":7,"column":9},"end":{"line":7,"column":45}},{"start":{"line":7,"column":45},"end":{"line":7,"column":null}}],"line":7},"1":{"loc":{"start":{"line":9,"column":2},"end":{"line":24,"column":null}},"type":"if","locations":[{"start":{"line":9,"column":2},"end":{"line":24,"column":null}},{"start":{"line":12,"column":9},"end":{"line":24,"column":null}}],"line":9},"2":{"loc":{"start":{"line":13,"column":4},"end":{"line":23,"column":null}},"type":"if","locations":[{"start":{"line":13,"column":4},"end":{"line":23,"column":null}},{"start":{"line":21,"column":11},"end":{"line":23,"column":null}}],"line":13},"3":{"loc":{"start":{"line":14,"column":6},"end":{"line":20,"column":null}},"type":"if","locations":[{"start":{"line":14,"column":6},"end":{"line":20,"column":null}},{"start":{"line":17,"column":6},"end":{"line":20,"column":null}}],"line":14},"4":{"loc":{"start":{"line":17,"column":6},"end":{"line":20,"column":null}},"type":"if","locations":[{"start":{"line":17,"column":6},"end":{"line":20,"column":null}},{"start":{},"end":{}}],"line":17}},"s":{"0":3,"1":3,"2":3,"3":3,"4":1,"5":1,"6":2,"7":2,"8":1,"9":1,"10":1,"11":1,"12":1,"13":0,"14":3},"f":{"0":3},"b":{"0":[3,0],"1":[1,2],"2":[2,0],"3":[1,1],"4":[1,0]},"meta":{"lastBranch":5,"lastFunction":1,"lastStatement":15,"seen":{"f:4:16:4:30":0,"s:5:18:5:Infinity":0,"s:6:32:6:Infinity":1,"s:7:2:7:Infinity":2,"b:7:9:7:45:7:45:7:Infinity":0,"b:9:2:24:Infinity:12:9:24:Infinity":1,"s:9:2:24:Infinity":3,"s:10:4:10:Infinity":4,"s:11:4:11:Infinity":5,"b:13:4:23:Infinity:21:11:23:Infinity":2,"s:13:4:23:Infinity":6,"b:14:6:20:Infinity:17:6:20:Infinity":3,"s:14:6:20:Infinity":7,"s:15:8:15:Infinity":8,"s:16:8:16:Infinity":9,"b:17:6:20:Infinity:undefined:undefined:undefined:undefined":4,"s:17:6:20:Infinity":10,"s:18:8:18:Infinity":11,"s:19:8:19:Infinity":12,"s:22:6:22:Infinity":13,"s:26:2:26:Infinity":14}}}
}
